[2026-02-07 15:03:24] [INFO] 正在初始化浏览器模拟器...
[2026-02-07 15:03:24] [INFO] 浏览器模拟器初始化完成
[2026-02-07 15:03:24] [INFO] 正在初始化视频检测器...
[2026-02-07 15:03:24] [INFO] 视频检测器初始化完成
[2026-02-07 15:03:24] [INFO] 正在初始化TS合并器...
[2026-02-07 15:03:24] [INFO] TS合并器初始化完成
[2026-02-07 15:03:26] [INFO] 程序初始化完成
[2026-02-07 15:03:26] [INFO] 所有模块初始化成功，程序已准备就绪
[2026-02-07 15:03:29] [INFO] [步骤1/4] 正在初始化浏览器...
[2026-02-07 15:03:29] [INFO] [步骤1/4] 正在初始化浏览器...
[2026-02-07 15:05:00] [INFO] [步骤1/4] 浏览器初始化完成
[2026-02-07 15:32:41] [INFO] 正在初始化浏览器模拟器...
[2026-02-07 15:32:41] [INFO] 浏览器模拟器初始化完成
[2026-02-07 15:32:41] [INFO] 正在初始化视频检测器...
[2026-02-07 15:32:41] [INFO] 视频检测器初始化完成
[2026-02-07 15:32:41] [INFO] 正在初始化TS合并器...
[2026-02-07 15:32:41] [INFO] TS合并器初始化完成
[2026-02-07 15:32:44] [INFO] 程序初始化完成
[2026-02-07 15:32:44] [INFO] 所有模块初始化成功，程序已准备就绪
[2026-02-07 15:32:46] [INFO] [步骤1/4] 正在初始化浏览器...
[2026-02-07 15:32:46] [INFO] [步骤1/4] 正在初始化浏览器...
[2026-02-07 15:32:48] [INFO] [步骤1/4] 浏览器初始化完成
[2026-02-07 15:51:10] [INFO] 正在初始化浏览器模拟器...
[2026-02-07 15:51:10] [INFO] 浏览器模拟器初始化完成
[2026-02-07 15:51:10] [INFO] 正在初始化视频检测器...
[2026-02-07 15:51:10] [INFO] 视频检测器初始化完成
[2026-02-07 15:51:10] [INFO] 正在初始化TS合并器...
[2026-02-07 15:51:10] [INFO] TS合并器初始化完成
[2026-02-07 15:51:12] [INFO] 程序初始化完成
[2026-02-07 15:51:12] [INFO] 所有模块初始化成功，程序已准备就绪
[2026-02-07 15:51:14] [INFO] [步骤1/4] 正在初始化浏览器...
[2026-02-07 15:51:14] [INFO] [步骤1/4] 正在初始化浏览器...
[2026-02-07 15:51:16] [INFO] [步骤1/4] 浏览器初始化完成
[2026-02-07 16:01:52] [INFO] 正在初始化浏览器模拟器...
[2026-02-07 16:01:52] [INFO] 浏览器模拟器初始化完成
[2026-02-07 16:01:52] [INFO] 正在初始化视频检测器...
[2026-02-07 16:01:52] [INFO] 视频检测器初始化完成
[2026-02-07 16:01:52] [INFO] 正在初始化TS合并器...
[2026-02-07 16:01:52] [INFO] TS合并器初始化完成
[2026-02-07 16:01:54] [INFO] 程序初始化完成
[2026-02-07 16:01:54] [INFO] 所有模块初始化成功，程序已准备就绪
[2026-02-07 16:01:59] [INFO] 正在初始化浏览器模拟器...
[2026-02-07 16:01:59] [INFO] 浏览器模拟器初始化完成
[2026-02-07 16:01:59] [INFO] 正在初始化视频检测器...
[2026-02-07 16:01:59] [INFO] 视频检测器初始化完成
[2026-02-07 16:01:59] [INFO] 正在初始化TS合并器...
[2026-02-07 16:01:59] [INFO] TS合并器初始化完成
[2026-02-07 16:01:59] [INFO] 程序初始化完成
[2026-02-07 16:01:59] [INFO] 所有模块初始化成功，程序已准备就绪
[2026-02-07 16:02:00] [INFO] [清除垃圾] 开始清除临时目录中的所有内容...
[2026-02-07 16:02:00] [DEBUG] [清除垃圾] 已删除目录: download_1770394687
[2026-02-07 16:02:00] [DEBUG] [清除垃圾] 已删除目录: download_1770395463
[2026-02-07 16:02:01] [DEBUG] [清除垃圾] 已删除目录: download_1770396416
[2026-02-07 16:02:01] [DEBUG] [清除垃圾] 已删除目录: download_1770397373
[2026-02-07 16:02:01] [DEBUG] [清除垃圾] 已删除目录: download_1770397552
[2026-02-07 16:02:01] [DEBUG] [清除垃圾] 已删除目录: download_1770435704
[2026-02-07 16:02:01] [DEBUG] [清除垃圾] 已删除目录: download_1770436277
[2026-02-07 16:02:01] [DEBUG] [清除垃圾] 已删除目录: download_1770436341
[2026-02-07 16:02:01] [DEBUG] [清除垃圾] 已删除目录: download_1770436442
[2026-02-07 16:02:01] [DEBUG] [清除垃圾] 已删除目录: download_1770437286
[2026-02-07 16:02:01] [DEBUG] [清除垃圾] 已删除目录: download_1770437392
[2026-02-07 16:02:01] [DEBUG] [清除垃圾] 已删除目录: download_1770438226
[2026-02-07 16:02:01] [DEBUG] [清除垃圾] 已删除目录: download_1770439299
[2026-02-07 16:02:01] [DEBUG] [清除垃圾] 已删除目录: download_1770440649
[2026-02-07 16:02:01] [DEBUG] [清除垃圾] 已删除目录: download_1770441209
[2026-02-07 16:02:01] [DEBUG] [清除垃圾] 已删除目录: download_1770443174
[2026-02-07 16:02:01] [DEBUG] [清除垃圾] 已删除目录: download_1770443273
[2026-02-07 16:02:01] [DEBUG] [清除垃圾] 已删除目录: download_1770444050
[2026-02-07 16:02:01] [DEBUG] [清除垃圾] 已删除目录: download_1770444279
[2026-02-07 16:02:01] [DEBUG] [清除垃圾] 已删除目录: download_1770444734
[2026-02-07 16:02:01] [INFO] [清除垃圾] 清除完成！成功: 20, 失败: 0
[2026-02-07 16:02:09] [INFO] [步骤1/4] 正在初始化浏览器...
[2026-02-07 16:02:09] [INFO] [步骤1/4] 正在初始化浏览器...
[2026-02-07 16:02:11] [INFO] [步骤1/4] 浏览器初始化完成
[2026-02-07 16:03:56] [INFO] 正在初始化浏览器模拟器...
[2026-02-07 16:03:56] [INFO] 浏览器模拟器初始化完成
[2026-02-07 16:03:56] [INFO] 正在初始化视频检测器...
[2026-02-07 16:03:56] [INFO] 视频检测器初始化完成
[2026-02-07 16:03:56] [INFO] 正在初始化TS合并器...
[2026-02-07 16:03:56] [INFO] TS合并器初始化完成
[2026-02-07 16:03:58] [INFO] 程序初始化完成
[2026-02-07 16:03:58] [INFO] 所有模块初始化成功，程序已准备就绪
[2026-02-07 16:03:59] [INFO] [步骤1/4] 正在初始化浏览器...
[2026-02-07 16:03:59] [INFO] [步骤1/4] 正在初始化浏览器...
[2026-02-07 16:04:01] [INFO] [步骤1/4] 浏览器初始化完成
[2026-02-07 16:14:14] [INFO] 正在初始化浏览器模拟器...
[2026-02-07 16:14:14] [INFO] 浏览器模拟器初始化完成
[2026-02-07 16:14:14] [INFO] 正在初始化视频检测器...
[2026-02-07 16:14:14] [INFO] 视频检测器初始化完成
[2026-02-07 16:14:14] [INFO] 正在初始化TS合并器...
[2026-02-07 16:14:15] [INFO] TS合并器初始化完成
[2026-02-07 16:14:15] [INFO] 程序初始化完成
[2026-02-07 16:14:15] [INFO] 所有模块初始化成功，程序已准备就绪
[2026-02-07 16:14:28] [INFO] [步骤1/4] 正在初始化浏览器...
[2026-02-07 16:14:28] [INFO] [步骤1/4] 正在初始化浏览器...
[2026-02-07 16:15:37] [INFO] [步骤1/4] 浏览器初始化完成
[2026-02-07 16:17:03] [INFO] [步骤1/4] 正在初始化浏览器...
[2026-02-07 16:17:08] [INFO] [步骤1/4] 浏览器初始化完成
[2026-02-07 16:31:16] [INFO] 正在初始化浏览器模拟器...
[2026-02-07 16:31:17] [INFO] 浏览器模拟器初始化完成
[2026-02-07 16:31:17] [INFO] 正在初始化视频检测器...
[2026-02-07 16:31:17] [INFO] 视频检测器初始化完成
[2026-02-07 16:31:17] [INFO] 正在初始化TS合并器...
[2026-02-07 16:31:17] [INFO] TS合并器初始化完成
[2026-02-07 16:31:17] [INFO] 程序初始化完成
[2026-02-07 16:31:17] [INFO] 所有模块初始化成功，程序已准备就绪
[2026-02-07 16:32:55] [INFO] [步骤1/4] 正在初始化浏览器...
[2026-02-07 16:32:55] [INFO] [步骤1/4] 正在初始化浏览器...
[2026-02-07 16:32:57] [INFO] [步骤1/4] 浏览器初始化完成
[2026-02-07 16:38:51] [INFO] [步骤1/4] 正在初始化浏览器...
[2026-02-07 16:38:56] [INFO] [步骤1/4] 浏览器初始化完成
[2026-02-07 16:40:02] [INFO] 正在初始化浏览器模拟器...
[2026-02-07 16:40:02] [INFO] 浏览器模拟器初始化完成
[2026-02-07 16:40:02] [INFO] 正在初始化视频检测器...
[2026-02-07 16:40:02] [INFO] 视频检测器初始化完成
[2026-02-07 16:40:02] [INFO] 正在初始化TS合并器...
[2026-02-07 16:40:02] [INFO] TS合并器初始化完成
[2026-02-07 16:40:04] [INFO] 程序初始化完成
[2026-02-07 16:40:04] [INFO] 所有模块初始化成功，程序已准备就绪
[2026-02-07 16:40:09] [INFO] [步骤1/4] 正在初始化浏览器...
[2026-02-07 16:40:09] [INFO] [步骤1/4] 正在初始化浏览器...
[2026-02-07 16:40:11] [INFO] [步骤1/4] 浏览器初始化完成
[2026-02-07 17:00:17] [INFO] 正在初始化浏览器模拟器...
[2026-02-07 17:00:17] [INFO] 浏览器模拟器初始化完成
[2026-02-07 17:00:18] [INFO] 正在初始化视频检测器...
[2026-02-07 17:00:18] [INFO] 视频检测器初始化完成
[2026-02-07 17:00:18] [INFO] 正在初始化TS合并器...
[2026-02-07 17:00:18] [INFO] TS合并器初始化完成
[2026-02-07 17:00:18] [INFO] 程序初始化完成
[2026-02-07 17:00:18] [INFO] 所有模块初始化成功，程序已准备就绪
[2026-02-07 17:01:08] [INFO] [步骤1/4] 正在初始化浏览器...
[2026-02-07 17:01:08] [INFO] [步骤1/4] 正在初始化浏览器...
[2026-02-07 17:01:11] [INFO] [步骤1/4] 浏览器初始化完成
[2026-02-07 18:15:44] [INFO] 正在初始化浏览器模拟器...
[2026-02-07 18:15:44] [INFO] 浏览器模拟器初始化完成
[2026-02-07 18:15:44] [INFO] 正在初始化视频检测器...
[2026-02-07 18:15:44] [INFO] 视频检测器初始化完成
[2026-02-07 18:15:44] [INFO] 正在初始化TS合并器...
[2026-02-07 18:15:45] [INFO] TS合并器初始化完成
[2026-02-07 18:15:45] [INFO] 程序初始化完成
[2026-02-07 18:15:45] [INFO] 所有模块初始化成功，程序已准备就绪
[2026-02-07 17:01:43] [INFO] [M3U8解析] 加密方法: AES-128
[2026-02-07 17:01:43] [INFO] [M3U8解析] 密钥URL: https://rapidtai.com/videos/202406/17/666f6bea3330e028d642986f/ts.key?counts=5&timestamp=1770458500699&key=82be33b0cddebde9a0e5db3aade5518d&movie=666f6bea3330e028d642986f&sign=db5af4165366dee1b8d1db950c7a7411
[2026-02-07 17:01:43] [INFO] [M3U8解析] 初始化向量: 00000000000000000000000000000000
[2026-02-07 17:01:45] [INFO] [密钥处理] 密钥下载成功
[2026-02-07 17:01:45] [INFO] [M3U8解析] 找到 656 个TS分片
[2026-02-07 17:06:35] [INFO] ffmpeg合并成功: C:\index\2026-2-7-17-1-41.mp4
[2026-02-07 17:06:35] [INFO] [成功] 视频下载完成
[2026-02-07 17:06:41] [INFO] 所有URL下载成功
[2026-02-07 18:15:44] [INFO] 正在初始化视频下载器...
[2026-02-07 18:15:44] [INFO] 视频下载器初始化完成
